[2025-07-24 23:41:33] [INFO] [core.rate_limit] [_limiter()] - 频率限制检查: IP: 127.0.0.1, 路径: /api/v1/auth/login, 限制: 10次/60秒
[2025-07-24 23:41:35] [INFO] [db] [get_db()] - 创建数据库会话
[2025-07-24 23:41:35] [INFO] [routers.auth] [login()] - 登录请求: 用户名:test
[2025-07-24 23:41:35] [INFO] [services.auth] [authenticate_user()] - 尝试登录: 用户名: test
[2025-07-24 23:41:35] [INFO] [services.auth] [get_user_by_username()] - 使用 用户名 查询用户: test
[2025-07-24 23:41:35] [DEBUG] [passlib.handlers.bcrypt] [_load_backend_mixin()] - detected 'bcrypt' backend, version '4.0.1'
[2025-07-24 23:41:35] [DEBUG] [passlib.handlers.bcrypt] [_finalize_backend_mixin()] - 'bcrypt' backend lacks $2$ support, enabling workaround
[2025-07-24 23:41:35] [INFO] [routers.auth] [login()] - 登录失败: 用户名或密码错误: test
[2025-07-24 23:41:36] [INFO] [core.rate_limit] [_limiter()] - 频率限制检查: IP: 127.0.0.1, 路径: /api/v1/auth/login, 限制: 10次/60秒
[2025-07-24 23:41:38] [INFO] [db] [get_db()] - 创建数据库会话
[2025-07-24 23:41:38] [INFO] [routers.auth] [login()] - 登录请求: 用户名:123
[2025-07-24 23:41:38] [INFO] [services.auth] [authenticate_user()] - 尝试登录: 用户名: 123
[2025-07-24 23:41:38] [INFO] [services.auth] [get_user_by_username()] - 使用 用户名 查询用户: 123
[2025-07-24 23:41:38] [INFO] [routers.auth] [login()] - 登录失败: 用户名或密码错误: 123
[2025-07-24 23:41:38] [INFO] [db] [get_db()] - 创建数据库会话
[2025-07-24 23:41:38] [INFO] [core.dependencies] [get_current_user()] - 验证访问令牌
[2025-07-24 23:41:38] [WARNING] [routers.auth] [profile()] - 获取用户信息失败，用户未登录或令牌无效
[2025-07-24 23:41:39] [INFO] [db] [get_db()] - 创建数据库会话
[2025-07-24 23:41:39] [INFO] [core.dependencies] [get_current_user()] - 验证访问令牌
[2025-07-24 23:41:39] [WARNING] [routers.auth] [profile()] - 获取用户信息失败，用户未登录或令牌无效
[2025-07-24 23:41:39] [INFO] [db] [get_db()] - 创建数据库会话
[2025-07-24 23:41:39] [INFO] [core.dependencies] [get_current_user()] - 验证访问令牌
[2025-07-24 23:41:39] [WARNING] [routers.auth] [verify_token()] - 令牌验证失败，用户未登录或令牌无效
[2025-07-24 23:41:39] [INFO] [db] [get_db()] - 创建数据库会话
[2025-07-24 23:41:39] [INFO] [core.dependencies] [get_current_user()] - 验证访问令牌
[2025-07-24 23:41:39] [WARNING] [routers.auth] [verify_token()] - 令牌验证失败，用户未登录或令牌无效
[2025-07-24 23:41:39] [INFO] [core.rate_limit] [_limiter()] - 频率限制检查: IP: 127.0.0.1, 路径: /api/v1/auth/refresh, 限制: 10次/60秒
[2025-07-24 23:41:39] [INFO] [db] [get_db()] - 创建数据库会话
[2025-07-24 23:41:39] [WARNING] [routers.auth] [refresh_token()] - 刷新令牌失败，令牌无效或已过期
[2025-07-24 23:41:39] [INFO] [core.rate_limit] [_limiter()] - 频率限制检查: IP: 127.0.0.1, 路径: /api/v1/auth/refresh, 限制: 10次/60秒
[2025-07-24 23:41:39] [INFO] [db] [get_db()] - 创建数据库会话
[2025-07-24 23:41:39] [WARNING] [routers.auth] [refresh_token()] - 刷新令牌失败，令牌无效或已过期
[2025-07-24 23:43:27] [INFO] [core.rate_limit] [_limiter()] - 频率限制检查: IP: 127.0.0.1, 路径: /api/v1/auth/login, 限制: 10次/60秒
[2025-07-24 23:43:29] [INFO] [db] [get_db()] - 创建数据库会话
[2025-07-24 23:43:29] [INFO] [routers.auth] [login()] - 登录请求: 用户名:test
[2025-07-24 23:43:29] [INFO] [services.auth] [authenticate_user()] - 尝试登录: 用户名: test
[2025-07-24 23:43:29] [INFO] [services.auth] [get_user_by_username()] - 使用 用户名 查询用户: test
[2025-07-24 23:43:29] [DEBUG] [passlib.handlers.bcrypt] [_load_backend_mixin()] - detected 'bcrypt' backend, version '4.0.1'
[2025-07-24 23:43:29] [DEBUG] [passlib.handlers.bcrypt] [_finalize_backend_mixin()] - 'bcrypt' backend lacks $2$ support, enabling workaround
[2025-07-24 23:43:29] [INFO] [routers.auth] [login()] - 登录失败: 用户名或密码错误: test
[2025-07-24 23:43:30] [INFO] [core.rate_limit] [_limiter()] - 频率限制检查: IP: 127.0.0.1, 路径: /api/v1/auth/login, 限制: 10次/60秒
[2025-07-24 23:43:32] [INFO] [db] [get_db()] - 创建数据库会话
[2025-07-24 23:43:32] [INFO] [routers.auth] [login()] - 登录请求: 用户名:123
[2025-07-24 23:43:32] [INFO] [services.auth] [authenticate_user()] - 尝试登录: 用户名: 123
[2025-07-24 23:43:32] [INFO] [services.auth] [get_user_by_username()] - 使用 用户名 查询用户: 123
[2025-07-24 23:43:32] [INFO] [routers.auth] [login()] - 登录失败: 用户名或密码错误: 123
[2025-07-24 23:43:32] [INFO] [db] [get_db()] - 创建数据库会话
[2025-07-24 23:43:32] [INFO] [core.dependencies] [get_current_user()] - 验证访问令牌
[2025-07-24 23:43:32] [WARNING] [routers.auth] [profile()] - 获取用户信息失败，用户未登录或令牌无效
[2025-07-24 23:43:32] [INFO] [db] [get_db()] - 创建数据库会话
[2025-07-24 23:43:32] [INFO] [core.dependencies] [get_current_user()] - 验证访问令牌
[2025-07-24 23:43:32] [WARNING] [routers.auth] [profile()] - 获取用户信息失败，用户未登录或令牌无效
[2025-07-24 23:43:32] [INFO] [db] [get_db()] - 创建数据库会话
[2025-07-24 23:43:32] [INFO] [core.dependencies] [get_current_user()] - 验证访问令牌
[2025-07-24 23:43:32] [WARNING] [routers.auth] [verify_token()] - 令牌验证失败，用户未登录或令牌无效
[2025-07-24 23:43:33] [INFO] [db] [get_db()] - 创建数据库会话
[2025-07-24 23:43:33] [INFO] [core.dependencies] [get_current_user()] - 验证访问令牌
[2025-07-24 23:43:33] [WARNING] [routers.auth] [verify_token()] - 令牌验证失败，用户未登录或令牌无效
[2025-07-24 23:43:33] [INFO] [core.rate_limit] [_limiter()] - 频率限制检查: IP: 127.0.0.1, 路径: /api/v1/auth/refresh, 限制: 10次/60秒
[2025-07-24 23:43:33] [INFO] [db] [get_db()] - 创建数据库会话
[2025-07-24 23:43:33] [WARNING] [routers.auth] [refresh_token()] - 刷新令牌失败，令牌无效或已过期
[2025-07-24 23:43:33] [INFO] [core.rate_limit] [_limiter()] - 频率限制检查: IP: 127.0.0.1, 路径: /api/v1/auth/refresh, 限制: 10次/60秒
[2025-07-24 23:43:33] [INFO] [db] [get_db()] - 创建数据库会话
[2025-07-24 23:43:33] [WARNING] [routers.auth] [refresh_token()] - 刷新令牌失败，令牌无效或已过期
[2025-07-24 23:44:18] [INFO] [core.rate_limit] [_limiter()] - 频率限制检查: IP: 127.0.0.1, 路径: /api/v1/auth/login, 限制: 10次/60秒
[2025-07-24 23:44:18] [INFO] [db] [get_db()] - 创建数据库会话
[2025-07-24 23:44:18] [INFO] [routers.auth] [login()] - 登录请求: 用户名:test
[2025-07-24 23:44:18] [INFO] [services.auth] [authenticate_user()] - 尝试登录: 用户名: test
[2025-07-24 23:44:18] [INFO] [services.auth] [get_user_by_username()] - 使用 用户名 查询用户: test
[2025-07-24 23:44:18] [DEBUG] [passlib.handlers.bcrypt] [_load_backend_mixin()] - detected 'bcrypt' backend, version '4.0.1'
[2025-07-24 23:44:18] [DEBUG] [passlib.handlers.bcrypt] [_finalize_backend_mixin()] - 'bcrypt' backend lacks $2$ support, enabling workaround
[2025-07-24 23:44:18] [INFO] [routers.auth] [login()] - 登录失败: 用户名或密码错误: test
[2025-07-24 23:50:10] [INFO] [core.rate_limit] [_limiter()] - 频率限制检查: IP: 127.0.0.1, 路径: /api/v1/auth/login, 限制: 10次/60秒
[2025-07-24 23:50:10] [INFO] [db] [get_db()] - 创建数据库会话
[2025-07-24 23:50:10] [INFO] [routers.auth] [login()] - 登录请求: 用户名:test
[2025-07-24 23:50:10] [INFO] [services.auth] [authenticate_user()] - 尝试登录: 用户名: test
[2025-07-24 23:50:10] [INFO] [services.auth] [get_user_by_username()] - 使用 用户名 查询用户: test
[2025-07-24 23:50:10] [INFO] [routers.auth] [login()] - 登录失败: 用户名或密码错误: test
[2025-07-24 23:53:25] [INFO] [core.rate_limit] [_limiter()] - 频率限制检查: IP: 127.0.0.1, 路径: /api/v1/auth/login, 限制: 10次/60秒
[2025-07-24 23:53:27] [INFO] [db] [get_db()] - 创建数据库会话
[2025-07-24 23:53:27] [INFO] [routers.auth] [login()] - 登录请求: 用户名:test
[2025-07-24 23:53:27] [INFO] [services.auth] [authenticate_user()] - 尝试登录: 用户名: test
[2025-07-24 23:53:27] [INFO] [services.auth] [get_user_by_username()] - 使用 用户名 查询用户: test
[2025-07-24 23:53:27] [DEBUG] [passlib.handlers.bcrypt] [_load_backend_mixin()] - detected 'bcrypt' backend, version '4.0.1'
[2025-07-24 23:53:27] [DEBUG] [passlib.handlers.bcrypt] [_finalize_backend_mixin()] - 'bcrypt' backend lacks $2$ support, enabling workaround
[2025-07-24 23:53:27] [INFO] [routers.auth] [login()] - 登录失败: 用户名或密码错误: test
